#
# There is insufficient memory for the Java Runtime Environment to continue.
# Native memory allocation (mmap) failed to map 134217728 bytes for G1 virtual space
# Possible reasons:
#   The system is out of physical RAM or swap space
#   The process is running with CompressedOops enabled, and the Java Heap may be blocking the growth of the native heap
# Possible solutions:
#   Reduce memory load on the system
#   Increase physical memory or swap space
#   Check if swap backing store is full
#   Decrease Java heap size (-Xmx/-Xms)
#   Decrease number of Java threads
#   Decrease Java thread stack sizes (-Xss)
#   Set larger code cache with -XX:ReservedCodeCacheSize=
#   JVM is running with Unscaled Compressed Oops mode in which the Java heap is
#     placed in the first 4GB address space. The Java Heap base address is the
#     maximum limit for the native heap growth. Please use -XX:HeapBaseMinAddress
#     to set the Java Heap base and to place the Java Heap above 4GB virtual address.
# This output file may be truncated or incomplete.
#
#  Out of Memory Error (./open/src/hotspot/os/windows/os_windows.cpp:3472), pid=12608, tid=3540
#
# JRE version:  (15.0.1+9) (build )
# Java VM: Java HotSpot(TM) 64-Bit Server VM (15.0.1+9-18, mixed mode, sharing, tiered, compressed oops, g1 gc, windows-amd64)
# No core dump will be written. Minidumps are not enabled by default on client versions of Windows
#

---------------  S U M M A R Y ------------

Command Line: -javaagent:C:\Users\eeroglu\AppData\Local\JetBrains\IntelliJ IDEA 2021.2\lib\idea_rt.jar=60904:C:\Users\eeroglu\AppData\Local\JetBrains\IntelliJ IDEA 2021.2\bin -Dfile.encoding=UTF-8 dev.eroglu.Main

Host: Intel(R) Core(TM) i5-4200U CPU @ 1.60GHz, 4 cores, 7G,  Windows 10 , 64 bit Build 19041 (10.0.19041.662)
Time: Thu Sep  2 16:13:04 2021 Turkey Standard Time elapsed time: 0.040330 seconds (0d 0h 0m 0s)

---------------  T H R E A D  ---------------

Current thread (0x000001ad9b38f6e0):  JavaThread "Unknown thread" [_thread_in_vm, id=3540, stack(0x0000009e9a600000,0x0000009e9a700000)]

Stack: [0x0000009e9a600000,0x0000009e9a700000]
Native frames: (J=compiled Java code, j=interpreted, Vv=VM code, C=native code)
V  [jvm.dll+0x62ae9a]
V  [jvm.dll+0x781389]
V  [jvm.dll+0x782ae3]
V  [jvm.dll+0x783143]
V  [jvm.dll+0x216265]
V  [jvm.dll+0x6281d9]
V  [jvm.dll+0x61cd15]
V  [jvm.dll+0x2d01fd]
V  [jvm.dll+0x2d0062]
V  [jvm.dll+0x2d603c]
V  [jvm.dll+0x325b2a]
V  [jvm.dll+0x3251f4]
V  [jvm.dll+0x2a717a]
V  [jvm.dll+0x2a8318]
V  [jvm.dll+0x75e101]
V  [jvm.dll+0x3343e4]
V  [jvm.dll+0x73e826]
V  [jvm.dll+0x3b7777]
V  [jvm.dll+0x3b9201]
C  [jli.dll+0x52fb]
C  [ucrtbase.dll+0x214c2]
C  [KERNEL32.DLL+0x17034]
C  [ntdll.dll+0x4d0d1]


---------------  P R O C E S S  ---------------

Threads class SMR info:
_java_thread_list=0x00007ff96de54ff0, length=0, elements={
}

Java Threads: ( => current thread )

Other Threads:
  0x000001ad9b3cc850 GCTaskThread "GC Thread#0" [stack: 0x0000009e9a700000,0x0000009e9a800000] [id=14264]
  0x000001ad9b3dd6a0 ConcurrentGCThread "G1 Main Marker" [stack: 0x0000009e9a800000,0x0000009e9a900000] [id=7740]
  0x000001ad9b3dee00 ConcurrentGCThread "G1 Conc#0" [stack: 0x0000009e9a900000,0x0000009e9aa00000] [id=8604]

[error occurred during error reporting (printing all threads), id 0xc0000005, EXCEPTION_ACCESS_VIOLATION (0xc0000005) at pc=0x00007ff96d648047]

VM state: not at safepoint (not fully initialized)

VM Mutex/Monitor currently owned by a thread:  ([mutex/lock_event])
[0x000001ad9b389680] Heap_lock - owner thread: 0x000001ad9b38f6e0

Heap address: 0x0000000081800000, size: 2024 MB, Compressed Oops mode: 32-bit
CDS archive(s) mapped at: [0x0000000000000000-0x0000000000000000-0x0000000000000000), size 0, SharedBaseAddress: 0x0000000800000000, ArchiveRelocationMode: 0.
Narrow klass base: 0x0000000000000000, Narrow klass shift: 0, Narrow klass range: 0x0

Heap:
 garbage-first heap   total 131072K, used 0K [0x0000000081800000, 0x0000000100000000)
  region size 1024K, 0 young (0K), 0 survivors (0K)
 Metaspace       used 0K, capacity 0K, committed 0K, reserved 0K
  class space    used 0K, capacity 0K, committed 0K, reserved 0K

Heap Regions: E=young(eden), S=young(survivor), O=old, HS=humongous(starts), HC=humongous(continues), CS=collection set, F=free, OA=open archive, CA=closed archive, TAMS=top-at-mark-start (previous, next)

Card table byte_map: [0x000001adb29c0000,0x000001adb2dc0000] _byte_map_base: 0x000001adb25b4000

Marking Bits (Prev, Next): (CMBitMap*) 0x000001ad9b3cd040, (CMBitMap*) 0x000001ad9b3cd080
 Prev Bits: [0x000001adb31c0000, 0x000001adb5160000)
 Next Bits: [0x000001adb5160000, 0x000001adb7100000)

GC Heap History (0 events):
No events

Deoptimization events (0 events):
No events

Classes unloaded (0 events):
No events

Classes redefined (0 events):
No events

Internal exceptions (0 events):
No events

Events (1 events):
Event: 0.026 Loaded shared library C:\Program Files\Java\jdk-15.0.1\bin\java.dll


Dynamic libraries:
0x00007ff658f60000 - 0x00007ff658f6f000 	C:\Program Files\Java\jdk-15.0.1\bin\java.exe
0x00007ff9a1d70000 - 0x00007ff9a1f66000 	C:\windows\SYSTEM32\ntdll.dll
0x00007ff9a1c70000 - 0x00007ff9a1d2d000 	C:\windows\System32\KERNEL32.DLL
0x00007ff99f4b0000 - 0x00007ff99f779000 	C:\windows\System32\KERNELBASE.dll
0x0000000072260000 - 0x000000007230e000 	C:\windows\System32\SYSFER.DLL
0x00007ff99f830000 - 0x00007ff99f930000 	C:\windows\System32\ucrtbase.dll
0x00007ff998080000 - 0x00007ff998098000 	C:\Program Files\Java\jdk-15.0.1\bin\jli.dll
0x00007ff9a1a90000 - 0x00007ff9a1b3c000 	C:\windows\System32\ADVAPI32.dll
0x00007ff9a0bb0000 - 0x00007ff9a0c4e000 	C:\windows\System32\msvcrt.dll
0x00007ff9a0630000 - 0x00007ff9a06cc000 	C:\windows\System32\sechost.dll
0x00007ff9a04a0000 - 0x00007ff9a05cb000 	C:\windows\System32\RPCRT4.dll
0x00007ff99ff00000 - 0x00007ff9a00a0000 	C:\windows\System32\USER32.dll
0x00007ff99fa90000 - 0x00007ff99fab2000 	C:\windows\System32\win32u.dll
0x00007ff9a0240000 - 0x00007ff9a026a000 	C:\windows\System32\GDI32.dll
0x00007ff99fc40000 - 0x00007ff99fd49000 	C:\windows\System32\gdi32full.dll
0x00007ff99fac0000 - 0x00007ff99fb5d000 	C:\windows\System32\msvcp_win.dll
0x00007ff991960000 - 0x00007ff991979000 	C:\Program Files\Java\jdk-15.0.1\bin\VCRUNTIME140.dll
0x00007ff9901b0000 - 0x00007ff99044b000 	C:\windows\WinSxS\amd64_microsoft.windows.common-controls_6595b64144ccf1df_6.0.19041.488_none_ca04af081b815d21\COMCTL32.dll
0x00007ff997260000 - 0x00007ff99726a000 	C:\windows\SYSTEM32\VERSION.dll
0x00007ff9a13c0000 - 0x00007ff9a13f0000 	C:\windows\System32\IMM32.DLL
0x00007ff998430000 - 0x00007ff99843c000 	C:\Program Files\Java\jdk-15.0.1\bin\vcruntime140_1.dll
0x00007ff98d510000 - 0x00007ff98d5a1000 	C:\Program Files\Java\jdk-15.0.1\bin\msvcp140.dll
0x00007ff96d390000 - 0x00007ff96deee000 	C:\Program Files\Java\jdk-15.0.1\bin\server\jvm.dll
0x00007ff9a18f0000 - 0x00007ff9a18f8000 	C:\windows\System32\PSAPI.DLL
0x00007ff9892a0000 - 0x00007ff9892a9000 	C:\windows\SYSTEM32\WSOCK32.dll
0x00007ff9a0430000 - 0x00007ff9a049b000 	C:\windows\System32\WS2_32.dll
0x00007ff98f710000 - 0x00007ff98f737000 	C:\windows\SYSTEM32\WINMM.dll
0x00007ff99d400000 - 0x00007ff99d412000 	C:\windows\SYSTEM32\kernel.appcore.dll
0x00007ff997270000 - 0x00007ff99727a000 	C:\Program Files\Java\jdk-15.0.1\bin\jimage.dll
0x00007ff983d60000 - 0x00007ff983f44000 	C:\windows\SYSTEM32\DBGHELP.DLL
0x00007ff982c30000 - 0x00007ff982c5c000 	C:\windows\SYSTEM32\dbgcore.DLL
0x00007ff99fd50000 - 0x00007ff99fdd0000 	C:\windows\System32\bcryptPrimitives.dll
0x00007ff991950000 - 0x00007ff99195e000 	C:\Program Files\Java\jdk-15.0.1\bin\instrument.dll
0x00007ff9916e0000 - 0x00007ff991705000 	C:\Program Files\Java\jdk-15.0.1\bin\java.dll

dbghelp: loaded successfully - version: 4.0.5 - missing functions: none
symbol engine: initialized successfully - sym options: 0x614 - pdb path: .;C:\Program Files\Java\jdk-15.0.1\bin;C:\windows\SYSTEM32;C:\windows\WinSxS\amd64_microsoft.windows.common-controls_6595b64144ccf1df_6.0.19041.488_none_ca04af081b815d21;C:\Program Files\Java\jdk-15.0.1\bin\server

VM Arguments:
jvm_args: -javaagent:C:\Users\eeroglu\AppData\Local\JetBrains\IntelliJ IDEA 2021.2\lib\idea_rt.jar=60904:C:\Users\eeroglu\AppData\Local\JetBrains\IntelliJ IDEA 2021.2\bin -Dfile.encoding=UTF-8 
java_command: dev.eroglu.Main
java_class_path (initial): C:\Users\eeroglu\Desktop\VisitorPatternExample\out\production\VisitorPatternExample
Launcher Type: SUN_STANDARD

[Global flags]
     intx CICompilerCount                          = 3                                         {product} {ergonomic}
     uint ConcGCThreads                            = 1                                         {product} {ergonomic}
     uint G1ConcRefinementThreads                  = 4                                         {product} {ergonomic}
   size_t G1HeapRegionSize                         = 1048576                                   {product} {ergonomic}
    uintx GCDrainStackTargetSize                   = 64                                        {product} {ergonomic}
   size_t InitialHeapSize                          = 134217728                                 {product} {ergonomic}
   size_t MarkStackSize                            = 4194304                                   {product} {ergonomic}
   size_t MaxHeapSize                              = 2122317824                                {product} {ergonomic}
   size_t MinHeapDeltaBytes                        = 1048576                                   {product} {ergonomic}
   size_t MinHeapSize                              = 8388608                                   {product} {ergonomic}
    uintx NonNMethodCodeHeapSize                   = 5832780                                {pd product} {ergonomic}
    uintx NonProfiledCodeHeapSize                  = 122912730                              {pd product} {ergonomic}
    uintx ProfiledCodeHeapSize                     = 122912730                              {pd product} {ergonomic}
    uintx ReservedCodeCacheSize                    = 251658240                              {pd product} {ergonomic}
     bool SegmentedCodeCache                       = true                                      {product} {ergonomic}
   size_t SoftMaxHeapSize                          = 2122317824                             {manageable} {ergonomic}
     bool UseCompressedClassPointers               = true                                 {lp64_product} {ergonomic}
     bool UseCompressedOops                        = true                                 {lp64_product} {ergonomic}
     bool UseG1GC                                  = true                                      {product} {ergonomic}
     bool UseLargePagesIndividualAllocation        = false                                  {pd product} {ergonomic}

Logging:
Log output configuration:
 #0: stdout all=warning uptime,level,tags
 #1: stderr all=off uptime,level,tags

Environment Variables:
PATH=C:\Program Files\Broadcom\Broadcom 802.11 Network Adapter;;C:\Program Files (x86)\Intel\iCLS Client\;C:\Program Files\Intel\iCLS Client\;C:\Program Files\Common Files\Oracle\Java\javapath;C:\Program Files (x86)\Common Files\Oracle\Java\javapath;C:\windows\system32;C:\windows;C:\windows\System32\Wbem;C:\windows\System32\WindowsPowerShell\v1.0\;C:\windows\System32\OpenSSH\;C:\Program Files\PuTTY\;C:\Program Files (x86)\Intel\Intel(R) Management Engine Components\DAL;C:\Program Files\Intel\Intel(R) Management Engine Components\DAL;C:\Program Files (x86)\Intel\Intel(R) Management Engine Components\IPT;C:\Program Files\Intel\Intel(R) Management Engine Components\IPT;C:\Program Files (x86)\Pulse Secure\VC142.CRT\X64\;C:\Program Files (x86)\Pulse Secure\VC142.CRT\X86\;C:\Users\eeroglu\AppData\Local\Microsoft\WindowsApps
USERNAME=eeroglu
OS=Windows_NT
PROCESSOR_IDENTIFIER=Intel64 Family 6 Model 69 Stepping 1, GenuineIntel



---------------  S Y S T E M  ---------------

OS:
 Windows 10 , 64 bit Build 19041 (10.0.19041.662)
OS uptime: 2 days 5:58 hours

CPU: total 4 (initial active 4) (2 cores per cpu, 2 threads per core) family 6 model 69 stepping 1 microcode 0x25, cmov, cx8, fxsr, mmx, sse, sse2, sse3, ssse3, sse4.1, sse4.2, popcnt, vzeroupper, avx, avx2, aes, clmul, erms, lzcnt, ht, tsc, tscinvbit, bmi1, bmi2, fma, clflush

Memory: 4k page, system-wide physical 8089M (1790M free)
TotalPageFile size 32665M (AvailPageFile size 109M)
current process WorkingSet (physical memory assigned to process): 10M, peak: 10M
current process commit charge ("private bytes"): 52M, peak: 180M

vm_info: Java HotSpot(TM) 64-Bit Server VM (15.0.1+9-18) for windows-amd64 JRE (15.0.1+9-18), built on Sep 15 2020 14:43:54 by "mach5one" with unknown MS VC++:1925

END.
